[09-Jul-2025 19:54:32 Europe/Berlin] Enrollment mismatch for LRN: 103109590019
Attempted: 21st Century Literature from the Philippines and the World (ID: 63), St.Thomas (ID: 15)
Actual enrollments:
- 21st Century Literature from the Philippines and the World (ID: 63), St.Thomas (ID: 15)
- Business Math (ID: 48), St.Thomas (ID: 15)
- Philippine Politics and Governance (ID: 55), St.Thomas (ID: 15)
- Principles of Marketing (ID: 49), St.Thomas (ID: 15)
[09-Jul-2025 19:54:32 Europe/Berlin] Error in record_attendance: Enrollment mismatch - Student not enrolled in this class section
[09-Jul-2025 19:54:48 Europe/Berlin] Enrollment mismatch for LRN: 103109590019
Attempted: English (ID: 67), Mangga (ID: 13)
Actual enrollments:
- 21st Century Literature from the Philippines and the World (ID: 63), St.Thomas (ID: 15)
- Business Math (ID: 48), St.Thomas (ID: 15)
- Philippine Politics and Governance (ID: 55), St.Thomas (ID: 15)
- Principles of Marketing (ID: 49), St.Thomas (ID: 15)
[09-Jul-2025 19:54:48 Europe/Berlin] Error in record_attendance: Enrollment mismatch - Student not enrolled in this class section
[09-Jul-2025 19:55:04 Europe/Berlin] Enrollment mismatch for LRN: 103109590012
Attempted: English (ID: 67), Mangga (ID: 13)
Actual enrollments:
- English (ID: 67), Mangga (ID: 13)
[09-Jul-2025 19:55:04 Europe/Berlin] Error in record_attendance: Enrollment mismatch - Student not enrolled in this class section
[09-Jul-2025 19:55:13 Europe/Berlin] Enrollment mismatch for LRN: 103109590019
Attempted: English (ID: 67), Mangga (ID: 13)
Actual enrollments:
- 21st Century Literature from the Philippines and the World (ID: 63), St.Thomas (ID: 15)
- Business Math (ID: 48), St.Thomas (ID: 15)
- Philippine Politics and Governance (ID: 55), St.Thomas (ID: 15)
- Principles of Marketing (ID: 49), St.Thomas (ID: 15)
[09-Jul-2025 19:55:13 Europe/Berlin] Error in record_attendance: Enrollment mismatch - Student not enrolled in this class section
[09-Jul-2025 20:04:22 Europe/Berlin] Enrollment mismatch for LRN: 103109590019
Attempted: English (ID: 67), Mangga (ID: 13)
Actual enrollments:
- 21st Century Literature from the Philippines and the World (ID: 63), St.Thomas (ID: 15)
- Business Math (ID: 48), St.Thomas (ID: 15)
- Philippine Politics and Governance (ID: 55), St.Thomas (ID: 15)
- Principles of Marketing (ID: 49), St.Thomas (ID: 15)
[09-Jul-2025 20:04:22 Europe/Berlin] Error in record_attendance: Enrollment mismatch - Student not enrolled in this class section
